SimasPay/app/build/outputs/logs/manifest-merger-release-report.txt
-- Merging decision tree log ---
manifest
ADDED from src\main\AndroidManifest.xml:2:1-377:12
	xmlns:android
		ADDED from src\main\AndroidManifest.xml:2:11-69
	package
		ADDED from src\main\AndroidManifest.xml:3:5-44
		INJECTED from src\main\AndroidManifest.xml
		INJECTED from src\main\AndroidManifest.xml
	android:versionName
		INJECTED from src\main\AndroidManifest.xml
		INJECTED from src\main\AndroidManifest.xml
	android:versionCode
		INJECTED from src\main\AndroidManifest.xml
		INJECTED from src\main\AndroidManifest.xml
uses-permission#android.permission.READ_PHONE_STATE
ADDED from src\main\AndroidManifest.xml:6:5-75
	android:name
		ADDED from src\main\AndroidManifest.xml:6:22-72
uses-permission#android.permission.ACCESS_NETWORK_STATE
ADDED from src\main\AndroidManifest.xml:7:5-79
MERGED from [SimasPay:PayByQR_Android_1.1.7_Simaspay:unspecified] AndroidManifest.xml:16:5-79
	android:name
		ADDED from src\main\AndroidManifest.xml:7:22-76
uses-permission#android.permission.INTERNET
ADDED from src\main\AndroidManifest.xml:8:5-67
MERGED from [SimasPay:PayByQR_Android_1.1.7_Simaspay:unspecified] AndroidManifest.xml:11:5-67
	android:name
		ADDED from src\main\AndroidManifest.xml:8:22-64
uses-permission#android.permission.RECEIVE_SMS
ADDED from src\main\AndroidManifest.xml:9:5-86
	android:name
		ADDED from src\main\AndroidManifest.xml:9:22-67
uses-permission#android.permission.PREVENT_POWER_KEY
ADDED from src\main\AndroidManifest.xml:10:5-76
	android:name
		ADDED from src\main\AndroidManifest.xml:10:22-73
uses-permission#android.permission.READ_SMS
ADDED from src\main\AndroidManifest.xml:11:5-67
	android:name
		ADDED from src\main\AndroidManifest.xml:11:22-64
uses-permission#android.permission.SEND_SMS
ADDED from src\main\AndroidManifest.xml:12:5-83
	android:name
		ADDED from src\main\AndroidManifest.xml:12:22-64
uses-permission#android.permission.WRITE_SETTINGS
ADDED from src\main\AndroidManifest.xml:13:5-73
	android:name
		ADDED from src\main\AndroidManifest.xml:13:22-70
uses-permission#android.permission.ACCESS_COARSE_LOCATION
ADDED from src\main\AndroidManifest.xml:14:5-81
	android:name
		ADDED from src\main\AndroidManifest.xml:14:22-78
uses-permission#android.permission.CALL_PHONE
ADDED from src\main\AndroidManifest.xml:16:5-69
	android:name
		ADDED from src\main\AndroidManifest.xml:16:22-66
uses-permission#android.permission.READ_CONTACTS
ADDED from src\main\AndroidManifest.xml:17:5-72
	android:name
		ADDED from src\main\AndroidManifest.xml:17:22-69
uses-permission#android.permission.WRITE_CONTACTS
ADDED from src\main\AndroidManifest.xml:18:5-73
	android:name
		ADDED from src\main\AndroidManifest.xml:18:22-70
uses-permission#android.permission.CAMERA
ADDED from src\main\AndroidManifest.xml:19:5-65
MERGED from [SimasPay:PayByQR_Android_1.1.7_Simaspay:unspecified] AndroidManifest.xml:12:5-65
MERGED from [com.journeyapps:zxing-android-embedded:3.0.3] AndroidManifest.xml:23:5-65
	android:name
		ADDED from src\main\AndroidManifest.xml:19:22-62
uses-permission#android.permission.READ_EXTERNAL_STORAGE
ADDED from src\main\AndroidManifest.xml:20:5-96
MERGED from [SimasPay:PayByQR_Android_1.1.7_Simaspay:unspecified] AndroidManifest.xml:14:5-80
	android:name
		ADDED from src\main\AndroidManifest.xml:20:22-77
uses-permission#android.permission.VIBRATE
ADDED from src\main\AndroidManifest.xml:23:5-66
MERGED from [SimasPay:PayByQR_Android_1.1.7_Simaspay:unspecified] AndroidManifest.xml:13:5-66
	android:name
		ADDED from src\main\AndroidManifest.xml:23:22-63
uses-permission#android.permission.FLASHLIGHT
ADDED from src\main\AndroidManifest.xml:24:5-69
	android:name
		ADDED from src\main\AndroidManifest.xml:24:22-66
uses-permission#android.permission.GET_TASKS
ADDED from src\main\AndroidManifest.xml:25:5-68
	android:name
		ADDED from src\main\AndroidManifest.xml:25:22-65
uses-permission#android.permission.WRITE_EXTERNAL_STORAGE
ADDED from src\main\AndroidManifest.xml:27:5-81
MERGED from [SimasPay:PayByQR_Android_1.1.7_Simaspay:unspecified] AndroidManifest.xml:15:5-81
	android:name
		ADDED from src\main\AndroidManifest.xml:27:22-78
uses-feature#android.hardware.camera
ADDED from src\main\AndroidManifest.xml:31:5-33:36
MERGED from [com.journeyapps:zxing-android-embedded:3.0.3] AndroidManifest.xml:26:5-28:36
	android:required
		ADDED from src\main\AndroidManifest.xml:33:9-33
	android:name
		ADDED from src\main\AndroidManifest.xml:32:9-47
uses-feature#android.hardware.camera.autofocus
ADDED from src\main\AndroidManifest.xml:34:5-36:36
MERGED from [com.journeyapps:zxing-android-embedded:3.0.3] AndroidManifest.xml:34:5-36:36
	android:required
		ADDED from src\main\AndroidManifest.xml:36:9-33
	android:name
		ADDED from src\main\AndroidManifest.xml:35:9-57
uses-feature#android.hardware.camera.flash
ADDED from src\main\AndroidManifest.xml:37:5-39:36
MERGED from [com.journeyapps:zxing-android-embedded:3.0.3] AndroidManifest.xml:37:5-39:36
	android:required
		ADDED from src\main\AndroidManifest.xml:39:9-33
	android:name
		ADDED from src\main\AndroidManifest.xml:38:9-53
uses-permission#android.permission.WAKE_LOCK
ADDED from src\main\AndroidManifest.xml:41:5-68
	android:name
		ADDED from src\main\AndroidManifest.xml:41:22-65
application
ADDED from src\main\AndroidManifest.xml:43:5-375:19
MERGED from [com.android.support:appcompat-v7:23.2.1] AndroidManifest.xml:25:5-20
MERGED from [com.android.support:support-v4:23.2.1] AndroidManifest.xml:22:5-20
MERGED from [com.android.support:animated-vector-drawable:23.2.1] AndroidManifest.xml:7:5-20
MERGED from [com.android.support:support-vector-drawable:23.2.1] AndroidManifest.xml:7:5-20
MERGED from [com.android.support:support-v4:23.2.1] AndroidManifest.xml:22:5-20
MERGED from [com.android.support:support-vector-drawable:23.2.1] AndroidManifest.xml:7:5-20
MERGED from [com.android.support:support-v4:23.2.1] AndroidManifest.xml:22:5-20
MERGED from [SimasPay:datetimepicker-library:unspecified] AndroidManifest.xml:9:5-20
MERGED from [com.android.support:support-v4:23.2.1] AndroidManifest.xml:22:5-20
MERGED from [SimasPay:PayByQR_Android_1.1.7_Simaspay:unspecified] AndroidManifest.xml:18:5-108:19
MERGED from [com.android.support:support-v4:23.2.1] AndroidManifest.xml:22:5-20
MERGED from [com.android.support:support-v4:23.2.1] AndroidManifest.xml:22:5-20
MERGED from [com.android.support:percent:23.2.1] AndroidManifest.xml:22:5-20
MERGED from [com.android.support:support-v4:23.2.1] AndroidManifest.xml:22:5-20
MERGED from [com.journeyapps:zxing-android-embedded:3.0.3] AndroidManifest.xml:47:5-55:19
	android:label
		ADDED from src\main\AndroidManifest.xml:46:9-41
	android:allowBackup
		ADDED from src\main\AndroidManifest.xml:44:9-35
	android:icon
		ADDED from src\main\AndroidManifest.xml:45:9-43
	android:theme
		ADDED from src\main\AndroidManifest.xml:48:9-40
	android:largeHeap
		ADDED from src\main\AndroidManifest.xml:47:9-33
receiver#com.payment.simaspay.rec.IncomingSms
ADDED from src\main\AndroidManifest.xml:49:9-53:20
	android:name
		ADDED from src\main\AndroidManifest.xml:49:19-70
intent-filter#android.provider.Telephony.SMS_RECEIVED
ADDED from src\main\AndroidManifest.xml:50:13-52:29
action#android.provider.Telephony.SMS_RECEIVED
ADDED from src\main\AndroidManifest.xml:51:17-82
	android:name
		ADDED from src\main\AndroidManifest.xml:51:25-79
activity#simaspay.payment.com.simaspay.SplashScreenActivity
ADDED from src\main\AndroidManifest.xml:55:9-74:20
	android:screenOrientation
		ADDED from src\main\AndroidManifest.xml:58:13-49
	android:label
		ADDED from src\main\AndroidManifest.xml:57:13-45
	android:name
		ADDED from src\main\AndroidManifest.xml:56:13-49
intent-filter#android.intent.action.MAIN+android.intent.category.LAUNCHER
ADDED from src\main\AndroidManifest.xml:59:13-63:29
action#android.intent.action.MAIN
ADDED from src\main\AndroidManifest.xml:60:17-69
	android:name
		ADDED from src\main\AndroidManifest.xml:60:25-66
category#android.intent.category.LAUNCHER
ADDED from src\main\AndroidManifest.xml:62:17-77
	android:name
		ADDED from src\main\AndroidManifest.xml:62:27-74
intent-filter#android.intent.action.VIEW+android.intent.category.BROWSABLE+android.intent.category.DEFAULT
ADDED from src\main\AndroidManifest.xml:64:13-73:29
action#android.intent.action.VIEW
ADDED from src\main\AndroidManifest.xml:65:17-69
	android:name
		ADDED from src\main\AndroidManifest.xml:65:25-66
category#android.intent.category.DEFAULT
ADDED from src\main\AndroidManifest.xml:67:17-76
	android:name
		ADDED from src\main\AndroidManifest.xml:67:27-73
category#android.intent.category.BROWSABLE
ADDED from src\main\AndroidManifest.xml:68:17-78
	android:name
		ADDED from src\main\AndroidManifest.xml:68:27-75
data
ADDED from src\main\AndroidManifest.xml:70:17-72:49
	android:host
		ADDED from src\main\AndroidManifest.xml:71:21-44
	android:scheme
		ADDED from src\main\AndroidManifest.xml:72:21-46
activity#simaspay.payment.com.simaspay.LoginScreenActivity
ADDED from src\main\AndroidManifest.xml:75:9-79:66
	android:windowSoftInputMode
		ADDED from src\main\AndroidManifest.xml:79:13-54
	android:screenOrientation
		ADDED from src\main\AndroidManifest.xml:78:13-49
	android:label
		ADDED from src\main\AndroidManifest.xml:77:13-37
	android:name
		ADDED from src\main\AndroidManifest.xml:76:13-48
activity#com.payment.simaspay.UserActivation.ActivationPage_1_Activity
ADDED from src\main\AndroidManifest.xml:80:9-84:66
	android:windowSoftInputMode
		ADDED from src\main\AndroidManifest.xml:84:13-54
	android:screenOrientation
		ADDED from src\main\AndroidManifest.xml:83:13-49
	android:label
		ADDED from src\main\AndroidManifest.xml:82:13-37
	android:name
		ADDED from src\main\AndroidManifest.xml:81:13-89
activity#com.payment.simaspay.UserActivation.ActivationPage_2_Activity
ADDED from src\main\AndroidManifest.xml:85:9-89:66
	android:windowSoftInputMode
		ADDED from src\main\AndroidManifest.xml:89:13-54
	android:screenOrientation
		ADDED from src\main\AndroidManifest.xml:88:13-49
	android:label
		ADDED from src\main\AndroidManifest.xml:87:13-37
	android:name
		ADDED from src\main\AndroidManifest.xml:86:13-89
activity#com.payment.simaspay.UserActivation.ActivationPage_3_Activity
ADDED from src\main\AndroidManifest.xml:90:9-94:66
	android:windowSoftInputMode
		ADDED from src\main\AndroidManifest.xml:94:13-54
	android:screenOrientation
		ADDED from src\main\AndroidManifest.xml:93:13-49
	android:label
		ADDED from src\main\AndroidManifest.xml:92:13-37
	android:name
		ADDED from src\main\AndroidManifest.xml:91:13-89
activity#com.payment.simaspay.UserActivation.ActivationPage_4_Activity
ADDED from src\main\AndroidManifest.xml:95:9-99:66
	android:windowSoftInputMode
		ADDED from src\main\AndroidManifest.xml:99:13-54
	android:screenOrientation
		ADDED from src\main\AndroidManifest.xml:98:13-49
	android:label
		ADDED from src\main\AndroidManifest.xml:97:13-37
	android:name
		ADDED from src\main\AndroidManifest.xml:96:13-89
activity#com.payment.simaspay.contactus.ContactUs_Activity
ADDED from src\main\AndroidManifest.xml:100:9-103:61
	android:screenOrientation
		ADDED from src\main\AndroidManifest.xml:103:13-49
	android:label
		ADDED from src\main\AndroidManifest.xml:102:13-37
	android:name
		ADDED from src\main\AndroidManifest.xml:101:13-77
activity#simaspay.payment.com.simaspay.Agent_HomePage_Activity
ADDED from src\main\AndroidManifest.xml:104:9-107:61
	android:screenOrientation
		ADDED from src\main\AndroidManifest.xml:107:13-49
	android:label
		ADDED from src\main\AndroidManifest.xml:106:13-37
	android:name
		ADDED from src\main\AndroidManifest.xml:105:13-52
activity#com.payment.simaspay.userdetails.SimaspayUserActivity
ADDED from src\main\AndroidManifest.xml:108:9-111:61
	android:screenOrientation
		ADDED from src\main\AndroidManifest.xml:111:13-49
	android:label
		ADDED from src\main\AndroidManifest.xml:110:13-37
	android:name
		ADDED from src\main\AndroidManifest.xml:109:13-81
activity#com.payment.simaspay.userdetails.SecondLoginActivity
ADDED from src\main\AndroidManifest.xml:112:9-115:61
	android:screenOrientation
		ADDED from src\main\AndroidManifest.xml:115:13-49
	android:label
		ADDED from src\main\AndroidManifest.xml:114:13-37
	android:name
		ADDED from src\main\AndroidManifest.xml:113:13-80
activity#com.payment.simaspay.userdetails.BalanceSheetActivity
ADDED from src\main\AndroidManifest.xml:116:9-119:61
	android:screenOrientation
		ADDED from src\main\AndroidManifest.xml:119:13-49
	android:label
		ADDED from src\main\AndroidManifest.xml:118:13-37
	android:name
		ADDED from src\main\AndroidManifest.xml:117:13-81
activity#com.payment.simaspay.userdetails.CurrentSessionActivity
ADDED from src\main\AndroidManifest.xml:120:9-123:61
	android:screenOrientation
		ADDED from src\main\AndroidManifest.xml:123:13-49
	android:label
		ADDED from src\main\AndroidManifest.xml:122:13-37
	android:name
		ADDED from src\main\AndroidManifest.xml:121:13-83
activity#com.payment.simaspay.AgentTransfer.TransferHomeActivity
ADDED from src\main\AndroidManifest.xml:125:9-128:61
	android:screenOrientation
		ADDED from src\main\AndroidManifest.xml:128:13-49
	android:label
		ADDED from src\main\AndroidManifest.xml:127:13-37
	android:name
		ADDED from src\main\AndroidManifest.xml:126:13-83
activity#com.payment.simaspay.userdetails.Trans_DataSelectionActivity
ADDED from src\main\AndroidManifest.xml:129:9-132:61
	android:screenOrientation
		ADDED from src\main\AndroidManifest.xml:132:13-49
	android:label
		ADDED from src\main\AndroidManifest.xml:131:13-37
	android:name
		ADDED from src\main\AndroidManifest.xml:130:13-88
activity#com.payment.simaspay.userdetails.TransactionsListActivity
ADDED from src\main\AndroidManifest.xml:133:9-136:61
	android:screenOrientation
		ADDED from src\main\AndroidManifest.xml:136:13-49
	android:label
		ADDED from src\main\AndroidManifest.xml:135:13-37
	android:name
		ADDED from src\main\AndroidManifest.xml:134:13-85
activity#com.payment.simaspay.agentdetails.NumberSwitchingActivity
ADDED from src\main\AndroidManifest.xml:137:9-140:61
	android:screenOrientation
		ADDED from src\main\AndroidManifest.xml:140:13-49
	android:label
		ADDED from src\main\AndroidManifest.xml:139:13-37
	android:name
		ADDED from src\main\AndroidManifest.xml:138:13-85
activity#com.payment.simaspay.agentdetails.AgentSimaspayUserActivity
ADDED from src\main\AndroidManifest.xml:141:9-144:61
	android:screenOrientation
		ADDED from src\main\AndroidManifest.xml:144:13-49
	android:label
		ADDED from src\main\AndroidManifest.xml:143:13-37
	android:name
		ADDED from src\main\AndroidManifest.xml:142:13-87
activity#com.payment.simaspay.agentdetails.Register_to_SimaspayUserActivity
ADDED from src\main\AndroidManifest.xml:145:9-148:61
	android:screenOrientation
		ADDED from src\main\AndroidManifest.xml:148:13-49
	android:label
		ADDED from src\main\AndroidManifest.xml:147:13-37
	android:name
		ADDED from src\main\AndroidManifest.xml:146:13-94
activity#com.payment.simaspay.agentdetails.Register_To_SimaspayUserConfirmationActivity
ADDED from src\main\AndroidManifest.xml:149:9-152:61
	android:screenOrientation
		ADDED from src\main\AndroidManifest.xml:152:13-49
	android:label
		ADDED from src\main\AndroidManifest.xml:151:13-37
	android:name
		ADDED from src\main\AndroidManifest.xml:150:13-106
activity#com.payment.simaspay.agentdetails.Register_To_SimaspayUserSuccessActivity
ADDED from src\main\AndroidManifest.xml:153:9-156:61
	android:screenOrientation
		ADDED from src\main\AndroidManifest.xml:156:13-49
	android:label
		ADDED from src\main\AndroidManifest.xml:155:13-37
	android:name
		ADDED from src\main\AndroidManifest.xml:154:13-101
activity#com.payment.simaspay.agentdetails.ChangePinActivity
ADDED from src\main\AndroidManifest.xml:157:9-161:66
	android:windowSoftInputMode
		ADDED from src\main\AndroidManifest.xml:161:13-54
	android:screenOrientation
		ADDED from src\main\AndroidManifest.xml:160:13-49
	android:label
		ADDED from src\main\AndroidManifest.xml:159:13-37
	android:name
		ADDED from src\main\AndroidManifest.xml:158:13-79
activity#com.payment.simaspay.agentdetails.ChangePinConfirmationActivity
ADDED from src\main\AndroidManifest.xml:162:9-166:66
	android:windowSoftInputMode
		ADDED from src\main\AndroidManifest.xml:166:13-54
	android:screenOrientation
		ADDED from src\main\AndroidManifest.xml:165:13-49
	android:label
		ADDED from src\main\AndroidManifest.xml:164:13-37
	android:name
		ADDED from src\main\AndroidManifest.xml:163:13-91
activity#com.payment.simaspay.agentdetails.ChangePinSuccessActivity
ADDED from src\main\AndroidManifest.xml:167:9-171:66
	android:windowSoftInputMode
		ADDED from src\main\AndroidManifest.xml:171:13-54
	android:screenOrientation
		ADDED from src\main\AndroidManifest.xml:170:13-49
	android:label
		ADDED from src\main\AndroidManifest.xml:169:13-37
	android:name
		ADDED from src\main\AndroidManifest.xml:168:13-86
activity#com.payment.simaspay.agentdetails.AgentRegistrationActivity
ADDED from src\main\AndroidManifest.xml:172:9-176:66
	android:windowSoftInputMode
		ADDED from src\main\AndroidManifest.xml:176:13-54
	android:screenOrientation
		ADDED from src\main\AndroidManifest.xml:175:13-49
	android:label
		ADDED from src\main\AndroidManifest.xml:174:13-37
	android:name
		ADDED from src\main\AndroidManifest.xml:173:13-87
activity#com.payment.simaspay.lakupandai.LakuPandaiActivity
ADDED from src\main\AndroidManifest.xml:178:9-182:66
	android:windowSoftInputMode
		ADDED from src\main\AndroidManifest.xml:182:13-54
	android:screenOrientation
		ADDED from src\main\AndroidManifest.xml:181:13-49
	android:label
		ADDED from src\main\AndroidManifest.xml:180:13-37
	android:name
		ADDED from src\main\AndroidManifest.xml:179:13-78
activity#com.payment.simaspay.lakupandai.LakupandaiTransferDetailsActivity
ADDED from src\main\AndroidManifest.xml:183:9-187:66
	android:windowSoftInputMode
		ADDED from src\main\AndroidManifest.xml:187:13-54
	android:screenOrientation
		ADDED from src\main\AndroidManifest.xml:186:13-49
	android:label
		ADDED from src\main\AndroidManifest.xml:185:13-37
	android:name
		ADDED from src\main\AndroidManifest.xml:184:13-93
activity#com.payment.simaspay.lakupandai.LakuPandaiTransferConfirmationActivity
ADDED from src\main\AndroidManifest.xml:188:9-192:66
	android:windowSoftInputMode
		ADDED from src\main\AndroidManifest.xml:192:13-54
	android:screenOrientation
		ADDED from src\main\AndroidManifest.xml:191:13-49
	android:label
		ADDED from src\main\AndroidManifest.xml:190:13-37
	android:name
		ADDED from src\main\AndroidManifest.xml:189:13-98
activity#com.payment.simaspay.lakupandai.LakuPandaiTransferSuccessActivity
ADDED from src\main\AndroidManifest.xml:193:9-197:66
	android:windowSoftInputMode
		ADDED from src\main\AndroidManifest.xml:197:13-54
	android:screenOrientation
		ADDED from src\main\AndroidManifest.xml:196:13-49
	android:label
		ADDED from src\main\AndroidManifest.xml:195:13-37
	android:name
		ADDED from src\main\AndroidManifest.xml:194:13-93
activity#com.payment.simaspay.Cash_InOut.CashInDetailsActivity
ADDED from src\main\AndroidManifest.xml:198:9-202:66
	android:windowSoftInputMode
		ADDED from src\main\AndroidManifest.xml:202:13-54
	android:screenOrientation
		ADDED from src\main\AndroidManifest.xml:201:13-49
	android:label
		ADDED from src\main\AndroidManifest.xml:200:13-37
	android:name
		ADDED from src\main\AndroidManifest.xml:199:13-81
activity#com.payment.simaspay.Cash_InOut.CashInConfirmationActivity
ADDED from src\main\AndroidManifest.xml:203:9-207:66
	android:windowSoftInputMode
		ADDED from src\main\AndroidManifest.xml:207:13-54
	android:screenOrientation
		ADDED from src\main\AndroidManifest.xml:206:13-49
	android:label
		ADDED from src\main\AndroidManifest.xml:205:13-37
	android:name
		ADDED from src\main\AndroidManifest.xml:204:13-86
activity#com.payment.simaspay.Cash_InOut.CashInSuccessActivity
ADDED from src\main\AndroidManifest.xml:208:9-212:66
	android:windowSoftInputMode
		ADDED from src\main\AndroidManifest.xml:212:13-54
	android:screenOrientation
		ADDED from src\main\AndroidManifest.xml:211:13-49
	android:label
		ADDED from src\main\AndroidManifest.xml:210:13-37
	android:name
		ADDED from src\main\AndroidManifest.xml:209:13-81
activity#com.payment.simaspay.Cash_InOut.CashOutDetailsActivity
ADDED from src\main\AndroidManifest.xml:213:9-217:66
	android:windowSoftInputMode
		ADDED from src\main\AndroidManifest.xml:217:13-54
	android:screenOrientation
		ADDED from src\main\AndroidManifest.xml:216:13-49
	android:label
		ADDED from src\main\AndroidManifest.xml:215:13-37
	android:name
		ADDED from src\main\AndroidManifest.xml:214:13-82
activity#com.payment.simaspay.Cash_InOut.CashOutConfirmationActivity
ADDED from src\main\AndroidManifest.xml:218:9-222:66
	android:windowSoftInputMode
		ADDED from src\main\AndroidManifest.xml:222:13-54
	android:screenOrientation
		ADDED from src\main\AndroidManifest.xml:221:13-49
	android:label
		ADDED from src\main\AndroidManifest.xml:220:13-37
	android:name
		ADDED from src\main\AndroidManifest.xml:219:13-87
activity#com.payment.simaspay.Cash_InOut.CashoutSuccessActivity
ADDED from src\main\AndroidManifest.xml:223:9-227:66
	android:windowSoftInputMode
		ADDED from src\main\AndroidManifest.xml:227:13-54
	android:screenOrientation
		ADDED from src\main\AndroidManifest.xml:226:13-49
	android:label
		ADDED from src\main\AndroidManifest.xml:225:13-37
	android:name
		ADDED from src\main\AndroidManifest.xml:224:13-82
activity#com.payment.simaspay.userdetails.SessionTimeOutActivity
ADDED from src\main\AndroidManifest.xml:228:9-232:66
	android:windowSoftInputMode
		ADDED from src\main\AndroidManifest.xml:232:13-54
	android:screenOrientation
		ADDED from src\main\AndroidManifest.xml:231:13-49
	android:label
		ADDED from src\main\AndroidManifest.xml:230:13-37
	android:name
		ADDED from src\main\AndroidManifest.xml:229:13-83
activity#com.payment.simaspay.Referral_and_CloseAccount.CloseAccountDetailsActivity
ADDED from src\main\AndroidManifest.xml:233:9-237:66
	android:windowSoftInputMode
		ADDED from src\main\AndroidManifest.xml:237:13-54
	android:screenOrientation
		ADDED from src\main\AndroidManifest.xml:236:13-49
	android:label
		ADDED from src\main\AndroidManifest.xml:235:13-37
	android:name
		ADDED from src\main\AndroidManifest.xml:234:13-102
activity#com.payment.simaspay.Referral_and_CloseAccount.CloseAccountConfirmationActivity
ADDED from src\main\AndroidManifest.xml:238:9-242:66
	android:windowSoftInputMode
		ADDED from src\main\AndroidManifest.xml:242:13-54
	android:screenOrientation
		ADDED from src\main\AndroidManifest.xml:241:13-49
	android:label
		ADDED from src\main\AndroidManifest.xml:240:13-37
	android:name
		ADDED from src\main\AndroidManifest.xml:239:13-107
activity#com.payment.simaspay.Referral_and_CloseAccount.CloseAccountSuccessActivity
ADDED from src\main\AndroidManifest.xml:243:9-247:66
	android:windowSoftInputMode
		ADDED from src\main\AndroidManifest.xml:247:13-54
	android:screenOrientation
		ADDED from src\main\AndroidManifest.xml:246:13-49
	android:label
		ADDED from src\main\AndroidManifest.xml:245:13-37
	android:name
		ADDED from src\main\AndroidManifest.xml:244:13-102
activity#com.payment.simaspay.AgentTransfer.AgentTransferHomeActivity
ADDED from src\main\AndroidManifest.xml:249:9-253:66
	android:windowSoftInputMode
		ADDED from src\main\AndroidManifest.xml:253:13-54
	android:screenOrientation
		ADDED from src\main\AndroidManifest.xml:252:13-49
	android:label
		ADDED from src\main\AndroidManifest.xml:251:13-37
	android:name
		ADDED from src\main\AndroidManifest.xml:250:13-88
activity#com.payment.simaspay.AgentTransfer.TransferDetailsActivity
ADDED from src\main\AndroidManifest.xml:254:9-258:66
	android:windowSoftInputMode
		ADDED from src\main\AndroidManifest.xml:258:13-54
	android:screenOrientation
		ADDED from src\main\AndroidManifest.xml:257:13-49
	android:label
		ADDED from src\main\AndroidManifest.xml:256:13-37
	android:name
		ADDED from src\main\AndroidManifest.xml:255:13-86
activity#com.payment.simaspay.AgentTransfer.TransferConfirmationActivity
ADDED from src\main\AndroidManifest.xml:259:9-263:66
	android:windowSoftInputMode
		ADDED from src\main\AndroidManifest.xml:263:13-54
	android:screenOrientation
		ADDED from src\main\AndroidManifest.xml:262:13-49
	android:label
		ADDED from src\main\AndroidManifest.xml:261:13-37
	android:name
		ADDED from src\main\AndroidManifest.xml:260:13-91
activity#com.payment.simaspay.AgentTransfer.TranaferSuccessActivity
ADDED from src\main\AndroidManifest.xml:264:9-268:66
	android:windowSoftInputMode
		ADDED from src\main\AndroidManifest.xml:268:13-54
	android:screenOrientation
		ADDED from src\main\AndroidManifest.xml:267:13-49
	android:label
		ADDED from src\main\AndroidManifest.xml:266:13-37
	android:name
		ADDED from src\main\AndroidManifest.xml:265:13-86
activity#com.payment.simaspay.AgentTransfer.BankDetailsActivity
ADDED from src\main\AndroidManifest.xml:269:9-273:66
	android:windowSoftInputMode
		ADDED from src\main\AndroidManifest.xml:273:13-54
	android:screenOrientation
		ADDED from src\main\AndroidManifest.xml:272:13-49
	android:label
		ADDED from src\main\AndroidManifest.xml:271:13-37
	android:name
		ADDED from src\main\AndroidManifest.xml:270:13-82
activity#com.payment.simaspay.AgentTransfer.TransferOtherBankDetailsActivity
ADDED from src\main\AndroidManifest.xml:274:9-278:66
	android:windowSoftInputMode
		ADDED from src\main\AndroidManifest.xml:278:13-54
	android:screenOrientation
		ADDED from src\main\AndroidManifest.xml:277:13-49
	android:label
		ADDED from src\main\AndroidManifest.xml:276:13-37
	android:name
		ADDED from src\main\AndroidManifest.xml:275:13-95
activity#com.payment.simaspay.AgentTransfer.TransferOtherbankConfirmationActivity
ADDED from src\main\AndroidManifest.xml:279:9-283:66
	android:windowSoftInputMode
		ADDED from src\main\AndroidManifest.xml:283:13-54
	android:screenOrientation
		ADDED from src\main\AndroidManifest.xml:282:13-49
	android:label
		ADDED from src\main\AndroidManifest.xml:281:13-37
	android:name
		ADDED from src\main\AndroidManifest.xml:280:13-100
activity#com.payment.simaspay.AgentTransfer.TransferOtherBankSuccessActivity
ADDED from src\main\AndroidManifest.xml:284:9-288:66
	android:windowSoftInputMode
		ADDED from src\main\AndroidManifest.xml:288:13-54
	android:screenOrientation
		ADDED from src\main\AndroidManifest.xml:287:13-49
	android:label
		ADDED from src\main\AndroidManifest.xml:286:13-37
	android:name
		ADDED from src\main\AndroidManifest.xml:285:13-95
activity#com.payment.simaspay.Referral_and_CloseAccount.ReferralDetailsActivity
ADDED from src\main\AndroidManifest.xml:289:9-293:66
	android:windowSoftInputMode
		ADDED from src\main\AndroidManifest.xml:293:13-54
	android:screenOrientation
		ADDED from src\main\AndroidManifest.xml:292:13-49
	android:label
		ADDED from src\main\AndroidManifest.xml:291:13-37
	android:name
		ADDED from src\main\AndroidManifest.xml:290:13-98
activity#com.payment.simaspay.Referral_and_CloseAccount.ReferralAccountConfirmationActivity
ADDED from src\main\AndroidManifest.xml:294:9-298:66
	android:windowSoftInputMode
		ADDED from src\main\AndroidManifest.xml:298:13-54
	android:screenOrientation
		ADDED from src\main\AndroidManifest.xml:297:13-49
	android:label
		ADDED from src\main\AndroidManifest.xml:296:13-37
	android:name
		ADDED from src\main\AndroidManifest.xml:295:13-110
activity#com.payment.simaspay.Referral_and_CloseAccount.ReferralAccountSuccessActivity
ADDED from src\main\AndroidManifest.xml:299:9-303:66
	android:windowSoftInputMode
		ADDED from src\main\AndroidManifest.xml:303:13-54
	android:screenOrientation
		ADDED from src\main\AndroidManifest.xml:302:13-49
	android:label
		ADDED from src\main\AndroidManifest.xml:301:13-37
	android:name
		ADDED from src\main\AndroidManifest.xml:300:13-105
activity#com.payment.simaspay.PaymentPerchaseAccount.PaymentAndPerchaseAccountTypeActivity
ADDED from src\main\AndroidManifest.xml:305:9-309:66
	android:windowSoftInputMode
		ADDED from src\main\AndroidManifest.xml:309:13-54
	android:screenOrientation
		ADDED from src\main\AndroidManifest.xml:308:13-49
	android:label
		ADDED from src\main\AndroidManifest.xml:307:13-37
	android:name
		ADDED from src\main\AndroidManifest.xml:306:13-109
activity#com.payment.simaspay.PaymentPerchaseAccount.ProviderNamesListActivity
ADDED from src\main\AndroidManifest.xml:310:9-314:66
	android:windowSoftInputMode
		ADDED from src\main\AndroidManifest.xml:314:13-54
	android:screenOrientation
		ADDED from src\main\AndroidManifest.xml:313:13-49
	android:label
		ADDED from src\main\AndroidManifest.xml:312:13-37
	android:name
		ADDED from src\main\AndroidManifest.xml:311:13-97
activity#com.payment.simaspay.PaymentPerchaseAccount.BillersListActivity
ADDED from src\main\AndroidManifest.xml:315:9-319:66
	android:windowSoftInputMode
		ADDED from src\main\AndroidManifest.xml:319:13-54
	android:screenOrientation
		ADDED from src\main\AndroidManifest.xml:318:13-49
	android:label
		ADDED from src\main\AndroidManifest.xml:317:13-37
	android:name
		ADDED from src\main\AndroidManifest.xml:316:13-91
activity#com.payment.simaspay.PaymentPerchaseAccount.PaymentDetailsActivity
ADDED from src\main\AndroidManifest.xml:320:9-324:66
	android:windowSoftInputMode
		ADDED from src\main\AndroidManifest.xml:324:13-54
	android:screenOrientation
		ADDED from src\main\AndroidManifest.xml:323:13-49
	android:label
		ADDED from src\main\AndroidManifest.xml:322:13-37
	android:name
		ADDED from src\main\AndroidManifest.xml:321:13-94
activity#com.payment.simaspay.PaymentPerchaseAccount.PaymentConfirmationActivity
ADDED from src\main\AndroidManifest.xml:325:9-329:66
	android:windowSoftInputMode
		ADDED from src\main\AndroidManifest.xml:329:13-54
	android:screenOrientation
		ADDED from src\main\AndroidManifest.xml:328:13-49
	android:label
		ADDED from src\main\AndroidManifest.xml:327:13-37
	android:name
		ADDED from src\main\AndroidManifest.xml:326:13-99
activity#com.payment.simaspay.PaymentPerchaseAccount.PaymentSuccessActivity
ADDED from src\main\AndroidManifest.xml:330:9-334:66